<?xml version="1.0" encoding="UTF-8"?>
<!-- Generated by org.testng.reporters.JUnitXMLReporter -->
<testsuite ignored="0" hostname="Muhammad-Sultan" failures="0" tests="2" name="paymob-dashboard" time="47.001" errors="0" timestamp="2022-08-19T14:58:43 EET">
  <testcase classname="com.paymob.gui.tests.com.paymob.gui.test.production.MainPageTest" name="Login" time="4.202"/>
  <testcase classname="com.paymob.gui.tests.com.paymob.gui.test.production.MainPageTest" name="Preview_Main_Page_Functions" time="16.387"/>
</testsuite> <!-- paymob-dashboard -->
