<?xml version="1.0" encoding="UTF-8"?>
<testng-results ignored="0" total="2" passed="1" failed="1" skipped="0">
  <reporter-output>
    <line>
      <![CDATA[
################################################################################################################################################
Detected SHAFT Engine Version: "SHAFT Engine v6.3.20220808"
################################################################################################################################################]]>
    </line>
    <line>
      <![CDATA[[ReportManager] Loaded OpenCV "opencv_java451". @22-08-2022 18:29:37.0154 PM]]>
    </line>
    <line>
      <![CDATA[
################################################################################################################################################
Starting Execution of a Configuration (Setup or Teardown) Method
Test Method:"com.shaft.tools.io.LogsHelper.setupActivities"
################################################################################################################################################]]>
    </line>
    <line>
      <![CDATA[[ReportManager] Initializing Project Structure... @22-08-2022 18:29:37.0712 PM]]>
    </line>
    <line>
      <![CDATA[[ReportManager] Initializing Allure Reporting Environment... @22-08-2022 18:29:37.0714 PM]]>
    </line>
    <line>
      <![CDATA[[ReportManager] Initializing Extent Reporting Environment... @22-08-2022 18:29:38.0008 PM]]>
    </line>
    <line>
      <![CDATA[[ReportManager] Initializing Important Links... @22-08-2022 18:29:39.0179 PM]]>
    </line>
    <line>
      <![CDATA[[ReportManager] Initializing Custom Properties... @22-08-2022 18:29:39.0215 PM]]>
    </line>
    <line>
      <![CDATA[
################################################################################################################################################
Starting Execution of a Configuration (Setup or Teardown) Method
Test Method:"com.paymob.gui.test.production.CreateInvoiceTest.setUp"
################################################################################################################################################]]>
    </line>
    <line>
      <![CDATA[[ReportManager] File Action "DoesFileExist" successfully performed. With the following test data "File Path: "target/downloadedFiles/"". @22-08-2022 18:29:39.0359 PM]]>
    </line>
    <line>
      <![CDATA[[ReportManager] File Action "GetAbsolutePath" successfully performed. With the following test data "Relative Folder Path: "src/test/resources/testDataFiles/target/downloadedFiles/"". @22-08-2022 18:29:39.0360 PM]]>
    </line>
    <line>
      <![CDATA[[ReportManager] Attempting to run locally on: "Mac-64 | GoogleChrome". @22-08-2022 18:29:39.0388 PM]]>
    </line>
    <line>
      <![CDATA[[ReportManager] Identifying OS/Driver combination and selecting the correct driver version automatically. Please note that if a new driver executable will be downloaded it may take some time... @22-08-2022 18:29:39.0388 PM]]>
    </line>
    <line>
      <![CDATA[[ReportManager] Successfully Opened Google Chrome. @22-08-2022 18:29:44.0591 PM]]>
    </line>
    <line>
      <![CDATA[[ReportManager] Initial window size: (1200, 1023) @22-08-2022 18:29:44.0612 PM]]>
    </line>
    <line>
      <![CDATA[[ReportManager] Window size after Toolkit: (1800, 1067) @22-08-2022 18:29:45.0120 PM]]>
    </line>
    <line>
      <![CDATA[[ReportManager] Window size after WebDriver.Manage.Window: (1920, 1067) @22-08-2022 18:29:45.0350 PM]]>
    </line>
    <line>
      <![CDATA[[ReportManager] Initial Windows Size: 1920x1067 @22-08-2022 18:29:45.0367 PM]]>
    </line>
    <line>
      <![CDATA[[ReportManager] Current Windows Size after fullScreen: 1800x1126 @22-08-2022 18:29:45.0446 PM]]>
    </line>
    <line>
      <![CDATA[[ReportManager] File Action "CreateFile" successfully performed. With the following test data "Target Folder: "allure-results//screenshots/20220822-182934", Target File: "/1661185787896_setUp.gif"". @22-08-2022 18:29:49.0101 PM]]>
    </line>
    <line>
      <![CDATA[[ReportManager] Full screen window "<html><head></head><body></body></html>". @22-08-2022 18:29:49.0579 PM]]>
    </line>
    <line>
      <![CDATA[[ReportManager] Window size after fullScreenWindow: (1800, 1126) @22-08-2022 18:29:49.0598 PM]]>
    </line>
    <line>
      <![CDATA[[ReportManager] skipping window maximization due to unknown error, marking step as passed. @22-08-2022 18:29:49.0598 PM]]>
    </line>
    <line>
      <![CDATA[[ReportManager] Maximize window "New screen size is now: (1800, 1126)". @22-08-2022 18:29:52.0499 PM]]>
    </line>
    <line>
      <![CDATA[[ReportManager] Target URL: "https://accept.paymob.com/portal2/en/login" @22-08-2022 18:29:52.0929 PM]]>
    </line>
    <line>
      <![CDATA[[ReportManager] Initial URL: "data:," @22-08-2022 18:29:53.0048 PM]]>
    </line>
    <line>
      <![CDATA[[ReportManager] Navigate to url "https://accept.paymob.com/portal2/en/login". @22-08-2022 18:30:11.0999 PM]]>
    </line>
    <line>
      <![CDATA[[ReportManager] Successfully created attachment "Animated Gif - setUp" @22-08-2022 18:30:12.0064 PM]]>
    </line>
    <line>
      <![CDATA[[ReportManager] Successfully created attachment "SHAFT Engine Logs - Current Method log: setUp" @22-08-2022 18:30:12.0069 PM]]>
    </line>
    <line>
      <![CDATA[
################################################################################################################################################
Starting Execution:"1 out of 2" test cases in the current suite
Test Method:"com.paymob.gui.test.production.CreateInvoiceTest.Create_Invoice"
Test Description:"Create Invoice"
################################################################################################################################################]]>
    </line>
    <line>
      <![CDATA[[ReportManager] Expected condition failed: waiting for com.shaft.gui.element.ElementActionsHelper$$Lambda$640/0x00000008011a9ae0@717c00f9 (tried for 60 second(s) with 100 milliseconds interval) || no such element: Unable to locate element: {"method":"xpath","selector":"/html[1]/body[1]/div[1]/div[2]/header[1]/ul[1]/li[1]/a[1]/i[1]"} @22-08-2022 18:31:12.0406 PM]]>
    </line>
    <line>
      <![CDATA[[ReportManager] File Action "CreateFile" successfully performed. With the following test data "Target Folder: "allure-results//screenshots/20220822-182934", Target File: "/1661185875126_Create_Invoice.gif"". @22-08-2022 18:31:15.0788 PM]]>
    </line>
    <line>
      <![CDATA[[ReportManager] Identify unique element failed "zero elements found matching this locator "By.xpath: /html[1]/body[1]/div[1]/div[2]/header[1]/ul[1]/li[1]/a[1]/i[1]".". @22-08-2022 18:31:18.0127 PM]]>
    </line>
    <line>
      <![CDATA[[ReportManager] Successfully created attachment "Screenshot - 1661185876059_Create_Invoice_Identify unique element_failed" @22-08-2022 18:31:18.0212 PM]]>
    </line>
    <line>
      <![CDATA[[ReportManager] Successfully created attachment "Animated Gif - Create_Invoice" @22-08-2022 18:31:18.0237 PM]]>
    </line>
    <line>
      <![CDATA[[ReportManager] Successfully created attachment "SHAFT Engine Logs - Current Method log: Create_Invoice" @22-08-2022 18:31:18.0239 PM]]>
    </line>
    <line>
      <![CDATA[[ReportManager] Switch to default content. @22-08-2022 18:31:18.0263 PM]]>
    </line>
    <line>
      <![CDATA[
################################################################################################################################################
Starting Execution:"2 out of 2" test cases in the current suite
Test Method:"com.paymob.gui.test.production.CreateInvoiceTest.Login"
Test Description:"Login Paymob Dashboard "
################################################################################################################################################]]>
    </line>
    <line>
      <![CDATA[[ReportManager] File Action "CreateFile" successfully performed. With the following test data "Target Folder: "allure-results//screenshots/20220822-182934", Target File: "/1661185882861_Login.gif"". @22-08-2022 18:31:23.0553 PM]]>
    </line>
    <line>
      <![CDATA[[ReportManager] Type "Ehabnaga". @22-08-2022 18:31:23.0940 PM]]>
    </line>
    <line>
      <![CDATA[[ReportManager] Type "Ehab@1212". @22-08-2022 18:31:28.0379 PM]]>
    </line>
    <line>
      <![CDATA[[ReportManager] Click "Sign in". @22-08-2022 18:31:33.0684 PM]]>
    </line>
    <line>
      <![CDATA[[ReportManager] Get text "Sign in". @22-08-2022 18:31:33.0806 PM]]>
    </line>
    <line>
      <![CDATA[[ReportManager] Assertion Passed: The Element located by "By.xpath: //*[@id="root"]/div[2]/div/div/div[2]/form/fieldset/legend" text contains "Sign in". @22-08-2022 18:31:46.0015 PM]]>
    </line>
    <line>
      <![CDATA[[ReportManager] Successfully created attachment "Screenshot - 1661185904630_Login_ValidateElementAttribute_passed" @22-08-2022 18:31:46.0047 PM]]>
    </line>
    <line>
      <![CDATA[[ReportManager] Successfully created attachment "Animated Gif - Login" @22-08-2022 18:31:46.0052 PM]]>
    </line>
    <line>
      <![CDATA[[ReportManager] Successfully created attachment "SHAFT Engine Logs - Current Method log: Login" @22-08-2022 18:31:46.0053 PM]]>
    </line>
    <line>
      <![CDATA[[ReportManager] Switch to default content. @22-08-2022 18:31:46.0113 PM]]>
    </line>
    <line>
      <![CDATA[
################################################################################################################################################
Starting Execution of a Configuration (Setup or Teardown) Method
Test Method:"com.paymob.gui.test.production.CreateInvoiceTest.tearDown"
################################################################################################################################################]]>
    </line>
    <line>
      <![CDATA[[ReportManager] File Action "CreateFile" successfully performed. With the following test data "Target Folder: "allure-results//screenshots/20220822-182934", Target File: "/1661185908602_tearDown.gif"". @22-08-2022 18:31:49.0346 PM]]>
    </line>
    <line>
      <![CDATA[[ReportManager] Click "By.xpath: //i[@class='fa fa-angle-down']". @22-08-2022 18:31:49.0877 PM]]>
    </line>
    <line>
      <![CDATA[[ReportManager] Click "Log Out". @22-08-2022 18:31:53.0359 PM]]>
    </line>
    <line>
      <![CDATA[[ReportManager] Successfully created attachment "Video Recording - tearDown" @22-08-2022 18:32:14.0227 PM]]>
    </line>
    <line>
      <![CDATA[[ReportManager] Successfully created attachment "Selenium WebDriver Logs - browser" @22-08-2022 18:32:14.0325 PM]]>
    </line>
    <line>
      <![CDATA[[ReportManager] Close current window. @22-08-2022 18:32:14.0510 PM]]>
    </line>
    <line>
      <![CDATA[[ReportManager] Successfully created attachment "Browser Action Test Data - Close current window - Actual Value" @22-08-2022 18:32:14.0514 PM]]>
    </line>
    <line>
      <![CDATA[[ReportManager] Successfully created attachment "Animated Gif - tearDown" @22-08-2022 18:32:14.0516 PM]]>
    </line>
    <line>
      <![CDATA[[ReportManager] Successfully created attachment "SHAFT Engine Logs - Current Method log: tearDown" @22-08-2022 18:32:14.0517 PM]]>
    </line>
    <line>
      <![CDATA[
################################################################################################################################################
Starting Execution of a Configuration (Setup or Teardown) Method
Test Method:"com.shaft.tools.io.LogsHelper.teardownActivities"
################################################################################################################################################]]>
    </line>
    <line>
      <![CDATA[[ReportManager] Successfully Closed All Drivers. @22-08-2022 18:32:14.0645 PM]]>
    </line>
    <line>
      <![CDATA[[ReportManager] Issue Summary: Total Issues = 1, New issues for Failed Tests = 1, Open issues for Passed Tests = 0, Open issues for Failed Tests = 0. Kindly check the attached Issue details. @22-08-2022 18:32:14.0653 PM]]>
    </line>
    <line>
      <![CDATA[[ReportManager] Successfully created attachment "SHAFT Engine Logs - Issues log CSV: 20220822-183214" @22-08-2022 18:32:14.0654 PM]]>
    </line>
    <line>
      <![CDATA[[ReportManager] Successfully created attachment "SHAFT Engine Logs - Execution log" @22-08-2022 18:32:14.0654 PM]]>
    </line>
    <line>
      <![CDATA[
################################################################################################################################################
This test run was powered by SHAFT Engine Version: "SHAFT Engine v6.3.20220808"
SHAFT Engine is licensed under the MIT License: [https://github.com/ShaftHQ/SHAFT_ENGINE/blob/master/LICENSE].
################################################################################################################################################]]>
    </line>
    <line>
      <![CDATA[[ReportManager] Successfully created attachment "SHAFT Engine Logs - Execution log: 20220822-183214" @22-08-2022 18:32:14.0654 PM]]>
    </line>
    <line>
      <![CDATA[[ReportManager] File Action "DoesFileExist" successfully performed. With the following test data "File Path: "allure-results/cucumberReport.html"". @22-08-2022 18:32:14.0655 PM]]>
    </line>
    <line>
      <![CDATA[[ReportManager] File Action "DoesFileExist" successfully performed. With the following test data "File Path: "extent-reports/ExtentReports_22-08-2022_18-29-38-0010-PM.html"". @22-08-2022 18:32:15.0422 PM]]>
    </line>
    <line>
      <![CDATA[[ReportManager] File Action "DoesFileExist" successfully performed. With the following test data "File Path: "extent-reports/ExtentReports_22-08-2022_18-29-38-0010-PM.html"". @22-08-2022 18:32:15.0423 PM]]>
    </line>
    <line>
      <![CDATA[[ReportManager] File Action "GetAbsolutePath" successfully performed. With the following test data "Relative Folder Path: "extent-reports/ExtentReports_22-08-2022_18-29-38-0010-PM.html"". @22-08-2022 18:32:15.0424 PM]]>
    </line>
    <line>
      <![CDATA[[ReportManager] File Action "ReadFromFile" successfully performed. With the following test data "File Path: "/Users/muhammadsultan/IdeaProjects/Paymob-Accept_Dashboard/extent-reports/ExtentReports_22-08-2022_18-29-38-0010-PM.html"". @22-08-2022 18:32:15.0448 PM]]>
    </line>
    <line>
      <![CDATA[[ReportManager] Successfully created attachment "HTML - Extent Emailable Execution Report" @22-08-2022 18:32:15.0457 PM]]>
    </line>
    <line>
      <![CDATA[[ReportManager] Attempting to perform the following command locally. Command: "sh generate_allure_report.sh" @22-08-2022 18:32:15.0457 PM]]>
    </line>
  </reporter-output>
  <suite started-at="2022-08-22T18:29:39 EET" name="Suite" finished-at="2022-08-22T18:32:14 EET" duration-ms="155229">
    <groups>
    </groups>
    <test started-at="2022-08-22T18:29:39 EET" name="Paymob-Accept_Dashboard" finished-at="2022-08-22T18:32:14 EET" duration-ms="155229">
      <class name="com.shaft.tools.io.LogsHelper">
        <test-method is-config="true" signature="setupActivities(org.testng.ITestContext)[pri:0, instance:com.shaft.tools.io.LogsHelper@51a8313b]" started-at="2022-08-22T18:29:37 EET" name="setupActivities" finished-at="2022-08-22T18:29:39 EET" duration-ms="1632" status="PASS">
          <params>
            <param index="0">
              <value>
                <![CDATA[org.testng.TestRunner@313d5a87]]>
              </value>
            </param>
          </params>
          <reporter-output>
            <line>
              <![CDATA[[ReportManager] Initializing Project Structure... @22-08-2022 18:29:37.0712 PM]]>
            </line>
            <line>
              <![CDATA[[ReportManager] Initializing Allure Reporting Environment... @22-08-2022 18:29:37.0714 PM]]>
            </line>
            <line>
              <![CDATA[[ReportManager] Initializing Extent Reporting Environment... @22-08-2022 18:29:38.0008 PM]]>
            </line>
            <line>
              <![CDATA[[ReportManager] Initializing Important Links... @22-08-2022 18:29:39.0179 PM]]>
            </line>
            <line>
              <![CDATA[[ReportManager] Initializing Custom Properties... @22-08-2022 18:29:39.0215 PM]]>
            </line>
          </reporter-output>
        </test-method> <!-- setupActivities -->
        <test-method is-config="true" signature="teardownActivities()[pri:0, instance:com.shaft.tools.io.LogsHelper@51a8313b]" started-at="2022-08-22T18:32:14 EET" name="teardownActivities" finished-at="2022-08-22T18:32:15 EET" duration-ms="823" status="PASS">
          <reporter-output>
            <line>
              <![CDATA[[ReportManager] Successfully Closed All Drivers. @22-08-2022 18:32:14.0645 PM]]>
            </line>
            <line>
              <![CDATA[[ReportManager] Issue Summary: Total Issues = 1, New issues for Failed Tests = 1, Open issues for Passed Tests = 0, Open issues for Failed Tests = 0. Kindly check the attached Issue details. @22-08-2022 18:32:14.0653 PM]]>
            </line>
            <line>
              <![CDATA[[ReportManager] Successfully created attachment "SHAFT Engine Logs - Issues log CSV: 20220822-183214" @22-08-2022 18:32:14.0654 PM]]>
            </line>
            <line>
              <![CDATA[[ReportManager] Successfully created attachment "SHAFT Engine Logs - Execution log" @22-08-2022 18:32:14.0654 PM]]>
            </line>
            <line>
              <![CDATA[
################################################################################################################################################
This test run was powered by SHAFT Engine Version: "SHAFT Engine v6.3.20220808"
SHAFT Engine is licensed under the MIT License: [https://github.com/ShaftHQ/SHAFT_ENGINE/blob/master/LICENSE].
################################################################################################################################################]]>
            </line>
            <line>
              <![CDATA[[ReportManager] Successfully created attachment "SHAFT Engine Logs - Execution log: 20220822-183214" @22-08-2022 18:32:14.0654 PM]]>
            </line>
            <line>
              <![CDATA[[ReportManager] File Action "DoesFileExist" successfully performed. With the following test data "File Path: "allure-results/cucumberReport.html"". @22-08-2022 18:32:14.0655 PM]]>
            </line>
            <line>
              <![CDATA[[ReportManager] File Action "DoesFileExist" successfully performed. With the following test data "File Path: "extent-reports/ExtentReports_22-08-2022_18-29-38-0010-PM.html"". @22-08-2022 18:32:15.0422 PM]]>
            </line>
            <line>
              <![CDATA[[ReportManager] File Action "DoesFileExist" successfully performed. With the following test data "File Path: "extent-reports/ExtentReports_22-08-2022_18-29-38-0010-PM.html"". @22-08-2022 18:32:15.0423 PM]]>
            </line>
            <line>
              <![CDATA[[ReportManager] File Action "GetAbsolutePath" successfully performed. With the following test data "Relative Folder Path: "extent-reports/ExtentReports_22-08-2022_18-29-38-0010-PM.html"". @22-08-2022 18:32:15.0424 PM]]>
            </line>
            <line>
              <![CDATA[[ReportManager] File Action "ReadFromFile" successfully performed. With the following test data "File Path: "/Users/muhammadsultan/IdeaProjects/Paymob-Accept_Dashboard/extent-reports/ExtentReports_22-08-2022_18-29-38-0010-PM.html"". @22-08-2022 18:32:15.0448 PM]]>
            </line>
            <line>
              <![CDATA[[ReportManager] Successfully created attachment "HTML - Extent Emailable Execution Report" @22-08-2022 18:32:15.0457 PM]]>
            </line>
            <line>
              <![CDATA[[ReportManager] Attempting to perform the following command locally. Command: "sh generate_allure_report.sh" @22-08-2022 18:32:15.0457 PM]]>
            </line>
          </reporter-output>
        </test-method> <!-- teardownActivities -->
      </class> <!-- com.shaft.tools.io.LogsHelper -->
      <class name="com.paymob.gui.test.production.CreateInvoiceTest">
        <test-method is-config="true" signature="setUp()[pri:0, instance:com.paymob.gui.test.production.CreateInvoiceTest@6c575325]" started-at="2022-08-22T18:29:39 EET" name="setUp" finished-at="2022-08-22T18:30:12 EET" duration-ms="32711" status="PASS">
          <reporter-output>
            <line>
              <![CDATA[[ReportManager] File Action "DoesFileExist" successfully performed. With the following test data "File Path: "target/downloadedFiles/"". @22-08-2022 18:29:39.0359 PM]]>
            </line>
            <line>
              <![CDATA[[ReportManager] File Action "GetAbsolutePath" successfully performed. With the following test data "Relative Folder Path: "src/test/resources/testDataFiles/target/downloadedFiles/"". @22-08-2022 18:29:39.0360 PM]]>
            </line>
            <line>
              <![CDATA[[ReportManager] Attempting to run locally on: "Mac-64 | GoogleChrome". @22-08-2022 18:29:39.0388 PM]]>
            </line>
            <line>
              <![CDATA[[ReportManager] Identifying OS/Driver combination and selecting the correct driver version automatically. Please note that if a new driver executable will be downloaded it may take some time... @22-08-2022 18:29:39.0388 PM]]>
            </line>
            <line>
              <![CDATA[[ReportManager] Successfully Opened Google Chrome. @22-08-2022 18:29:44.0591 PM]]>
            </line>
            <line>
              <![CDATA[[ReportManager] Initial window size: (1200, 1023) @22-08-2022 18:29:44.0612 PM]]>
            </line>
            <line>
              <![CDATA[[ReportManager] Window size after Toolkit: (1800, 1067) @22-08-2022 18:29:45.0120 PM]]>
            </line>
            <line>
              <![CDATA[[ReportManager] Window size after WebDriver.Manage.Window: (1920, 1067) @22-08-2022 18:29:45.0350 PM]]>
            </line>
            <line>
              <![CDATA[[ReportManager] Initial Windows Size: 1920x1067 @22-08-2022 18:29:45.0367 PM]]>
            </line>
            <line>
              <![CDATA[[ReportManager] Current Windows Size after fullScreen: 1800x1126 @22-08-2022 18:29:45.0446 PM]]>
            </line>
            <line>
              <![CDATA[[ReportManager] File Action "CreateFile" successfully performed. With the following test data "Target Folder: "allure-results//screenshots/20220822-182934", Target File: "/1661185787896_setUp.gif"". @22-08-2022 18:29:49.0101 PM]]>
            </line>
            <line>
              <![CDATA[[ReportManager] Full screen window "<html><head></head><body></body></html>". @22-08-2022 18:29:49.0579 PM]]>
            </line>
            <line>
              <![CDATA[[ReportManager] Window size after fullScreenWindow: (1800, 1126) @22-08-2022 18:29:49.0598 PM]]>
            </line>
            <line>
              <![CDATA[[ReportManager] skipping window maximization due to unknown error, marking step as passed. @22-08-2022 18:29:49.0598 PM]]>
            </line>
            <line>
              <![CDATA[[ReportManager] Maximize window "New screen size is now: (1800, 1126)". @22-08-2022 18:29:52.0499 PM]]>
            </line>
            <line>
              <![CDATA[[ReportManager] Target URL: "https://accept.paymob.com/portal2/en/login" @22-08-2022 18:29:52.0929 PM]]>
            </line>
            <line>
              <![CDATA[[ReportManager] Initial URL: "data:," @22-08-2022 18:29:53.0048 PM]]>
            </line>
            <line>
              <![CDATA[[ReportManager] Navigate to url "https://accept.paymob.com/portal2/en/login". @22-08-2022 18:30:11.0999 PM]]>
            </line>
            <line>
              <![CDATA[[ReportManager] Successfully created attachment "Animated Gif - setUp" @22-08-2022 18:30:12.0064 PM]]>
            </line>
            <line>
              <![CDATA[[ReportManager] Successfully created attachment "SHAFT Engine Logs - Current Method log: setUp" @22-08-2022 18:30:12.0069 PM]]>
            </line>
          </reporter-output>
        </test-method> <!-- setUp -->
        <test-method signature="Create_Invoice()[pri:0, instance:com.paymob.gui.test.production.CreateInvoiceTest@6c575325]" started-at="2022-08-22T18:30:12 EET" name="Create_Invoice" description="Create Invoice" finished-at="2022-08-22T18:31:18 EET" duration-ms="66078" status="FAIL">
          <exception class="java.lang.AssertionError">
            <message>
              <![CDATA[Identify unique element failed "zero elements found matching this locator "By.xpath: /html[1]/body[1]/div[1]/div[2]/header[1]/ul[1]/li[1]/a[1]/i[1]".".]]>
            </message>
            <full-stacktrace>
              <![CDATA[java.lang.AssertionError: Identify unique element failed "zero elements found matching this locator "By.xpath: /html[1]/body[1]/div[1]/div[2]/header[1]/ul[1]/li[1]/a[1]/i[1]".".
at org.testng.Assert.fail(Assert.java:110)
at com.shaft.gui.element.WebDriverElementActions.failAction(WebDriverElementActions.java:1488)
at com.shaft.gui.element.WebDriverElementActions.failAction(WebDriverElementActions.java:1317)
at com.shaft.gui.element.WebDriverElementActions.identifyUniqueElement(WebDriverElementActions.java:1559)
at com.shaft.gui.element.WebDriverElementActions.identifyUniqueElement(WebDriverElementActions.java:1333)
at com.shaft.gui.element.WebDriverElementActions.click(WebDriverElementActions.java:128)
at com.shaft.gui.element.ElementActions.click(ElementActions.java:46)
at com.shaft.gui.element.ElementActions.click(ElementActions.java:659)
at com.paymob.gui.pages.D4_MainPage.Create_Invoice(D4_MainPage.java:66)
at com.paymob.gui.test.production.CreateInvoiceTest.Create_Invoice(CreateInvoiceTest.java:44)
at java.base/jdk.internal.reflect.NativeMethodAccessorImpl.invoke0(Native Method)
at java.base/jdk.internal.reflect.NativeMethodAccessorImpl.invoke(NativeMethodAccessorImpl.java:77)
at java.base/jdk.internal.reflect.DelegatingMethodAccessorImpl.invoke(DelegatingMethodAccessorImpl.java:43)
at java.base/java.lang.reflect.Method.invoke(Method.java:568)
at org.testng.internal.invokers.MethodInvocationHelper.invokeMethod(MethodInvocationHelper.java:139)
at org.testng.internal.invokers.TestInvoker.invokeMethod(TestInvoker.java:677)
at org.testng.internal.invokers.TestInvoker.invokeTestMethod(TestInvoker.java:221)
at org.testng.internal.invokers.MethodRunner.runInSequence(MethodRunner.java:50)
at org.testng.internal.invokers.TestInvoker$MethodInvocationAgent.invoke(TestInvoker.java:962)
at org.testng.internal.invokers.TestInvoker.invokeTestMethods(TestInvoker.java:194)
at org.testng.internal.invokers.TestMethodWorker.invokeTestMethods(TestMethodWorker.java:148)
at org.testng.internal.invokers.TestMethodWorker.run(TestMethodWorker.java:128)
at java.base/java.util.ArrayList.forEach(ArrayList.java:1511)
at org.testng.TestRunner.privateRun(TestRunner.java:806)
at org.testng.TestRunner.run(TestRunner.java:601)
at org.testng.SuiteRunner.runTest(SuiteRunner.java:433)
at org.testng.SuiteRunner.runSequentially(SuiteRunner.java:427)
at org.testng.SuiteRunner.privateRun(SuiteRunner.java:387)
at org.testng.SuiteRunner.run(SuiteRunner.java:330)
at org.testng.SuiteRunnerWorker.runSuite(SuiteRunnerWorker.java:52)
at org.testng.SuiteRunnerWorker.run(SuiteRunnerWorker.java:95)
at org.testng.TestNG.runSuitesSequentially(TestNG.java:1256)
at org.testng.TestNG.runSuitesLocally(TestNG.java:1176)
at org.testng.TestNG.runSuites(TestNG.java:1099)
at org.testng.TestNG.run(TestNG.java:1067)
at com.intellij.rt.testng.IDEARemoteTestNG.run(IDEARemoteTestNG.java:66)
at com.intellij.rt.testng.RemoteTestNGStarter.main(RemoteTestNGStarter.java:109)
]]>
            </full-stacktrace>
          </exception> <!-- java.lang.AssertionError -->
          <reporter-output>
            <line>
              <![CDATA[
################################################################################################################################################
Starting Execution:"1 out of 2" test cases in the current suite
Test Method:"com.paymob.gui.test.production.CreateInvoiceTest.Create_Invoice"
Test Description:"Create Invoice"
################################################################################################################################################]]>
            </line>
            <line>
              <![CDATA[[ReportManager] Expected condition failed: waiting for com.shaft.gui.element.ElementActionsHelper$$Lambda$640/0x00000008011a9ae0@717c00f9 (tried for 60 second(s) with 100 milliseconds interval) || no such element: Unable to locate element: {"method":"xpath","selector":"/html[1]/body[1]/div[1]/div[2]/header[1]/ul[1]/li[1]/a[1]/i[1]"} @22-08-2022 18:31:12.0406 PM]]>
            </line>
            <line>
              <![CDATA[[ReportManager] File Action "CreateFile" successfully performed. With the following test data "Target Folder: "allure-results//screenshots/20220822-182934", Target File: "/1661185875126_Create_Invoice.gif"". @22-08-2022 18:31:15.0788 PM]]>
            </line>
            <line>
              <![CDATA[[ReportManager] Identify unique element failed "zero elements found matching this locator "By.xpath: /html[1]/body[1]/div[1]/div[2]/header[1]/ul[1]/li[1]/a[1]/i[1]".". @22-08-2022 18:31:18.0127 PM]]>
            </line>
            <line>
              <![CDATA[[ReportManager] Successfully created attachment "Screenshot - 1661185876059_Create_Invoice_Identify unique element_failed" @22-08-2022 18:31:18.0212 PM]]>
            </line>
            <line>
              <![CDATA[[ReportManager] Successfully created attachment "Animated Gif - Create_Invoice" @22-08-2022 18:31:18.0237 PM]]>
            </line>
            <line>
              <![CDATA[[ReportManager] Successfully created attachment "SHAFT Engine Logs - Current Method log: Create_Invoice" @22-08-2022 18:31:18.0239 PM]]>
            </line>
            <line>
              <![CDATA[[ReportManager] Switch to default content. @22-08-2022 18:31:18.0263 PM]]>
            </line>
          </reporter-output>
        </test-method> <!-- Create_Invoice -->
        <test-method signature="Login()[pri:0, instance:com.paymob.gui.test.production.CreateInvoiceTest@6c575325]" started-at="2022-08-22T18:31:18 EET" name="Login" description="Login Paymob Dashboard " finished-at="2022-08-22T18:31:46 EET" duration-ms="27491" status="PASS">
          <reporter-output>
            <line>
              <![CDATA[
################################################################################################################################################
Starting Execution:"2 out of 2" test cases in the current suite
Test Method:"com.paymob.gui.test.production.CreateInvoiceTest.Login"
Test Description:"Login Paymob Dashboard "
################################################################################################################################################]]>
            </line>
            <line>
              <![CDATA[[ReportManager] File Action "CreateFile" successfully performed. With the following test data "Target Folder: "allure-results//screenshots/20220822-182934", Target File: "/1661185882861_Login.gif"". @22-08-2022 18:31:23.0553 PM]]>
            </line>
            <line>
              <![CDATA[[ReportManager] Type "Ehabnaga". @22-08-2022 18:31:23.0940 PM]]>
            </line>
            <line>
              <![CDATA[[ReportManager] Type "Ehab@1212". @22-08-2022 18:31:28.0379 PM]]>
            </line>
            <line>
              <![CDATA[[ReportManager] Click "Sign in". @22-08-2022 18:31:33.0684 PM]]>
            </line>
            <line>
              <![CDATA[[ReportManager] Get text "Sign in". @22-08-2022 18:31:33.0806 PM]]>
            </line>
            <line>
              <![CDATA[[ReportManager] Assertion Passed: The Element located by "By.xpath: //*[@id="root"]/div[2]/div/div/div[2]/form/fieldset/legend" text contains "Sign in". @22-08-2022 18:31:46.0015 PM]]>
            </line>
            <line>
              <![CDATA[[ReportManager] Successfully created attachment "Screenshot - 1661185904630_Login_ValidateElementAttribute_passed" @22-08-2022 18:31:46.0047 PM]]>
            </line>
            <line>
              <![CDATA[[ReportManager] Successfully created attachment "Animated Gif - Login" @22-08-2022 18:31:46.0052 PM]]>
            </line>
            <line>
              <![CDATA[[ReportManager] Successfully created attachment "SHAFT Engine Logs - Current Method log: Login" @22-08-2022 18:31:46.0053 PM]]>
            </line>
            <line>
              <![CDATA[[ReportManager] Switch to default content. @22-08-2022 18:31:46.0113 PM]]>
            </line>
          </reporter-output>
        </test-method> <!-- Login -->
        <test-method is-config="true" signature="tearDown()[pri:0, instance:com.paymob.gui.test.production.CreateInvoiceTest@6c575325]" started-at="2022-08-22T18:31:46 EET" name="tearDown" finished-at="2022-08-22T18:32:14 EET" duration-ms="28391" status="PASS">
          <reporter-output>
            <line>
              <![CDATA[[ReportManager] File Action "CreateFile" successfully performed. With the following test data "Target Folder: "allure-results//screenshots/20220822-182934", Target File: "/1661185908602_tearDown.gif"". @22-08-2022 18:31:49.0346 PM]]>
            </line>
            <line>
              <![CDATA[[ReportManager] Click "By.xpath: //i[@class='fa fa-angle-down']". @22-08-2022 18:31:49.0877 PM]]>
            </line>
            <line>
              <![CDATA[[ReportManager] Click "Log Out". @22-08-2022 18:31:53.0359 PM]]>
            </line>
            <line>
              <![CDATA[[ReportManager] Successfully created attachment "Video Recording - tearDown" @22-08-2022 18:32:14.0227 PM]]>
            </line>
            <line>
              <![CDATA[[ReportManager] Successfully created attachment "Selenium WebDriver Logs - browser" @22-08-2022 18:32:14.0325 PM]]>
            </line>
            <line>
              <![CDATA[[ReportManager] Close current window. @22-08-2022 18:32:14.0510 PM]]>
            </line>
            <line>
              <![CDATA[[ReportManager] Successfully created attachment "Browser Action Test Data - Close current window - Actual Value" @22-08-2022 18:32:14.0514 PM]]>
            </line>
            <line>
              <![CDATA[[ReportManager] Successfully created attachment "Animated Gif - tearDown" @22-08-2022 18:32:14.0516 PM]]>
            </line>
            <line>
              <![CDATA[[ReportManager] Successfully created attachment "SHAFT Engine Logs - Current Method log: tearDown" @22-08-2022 18:32:14.0517 PM]]>
            </line>
          </reporter-output>
        </test-method> <!-- tearDown -->
      </class> <!-- com.paymob.gui.test.production.CreateInvoiceTest -->
    </test> <!-- Paymob-Accept_Dashboard -->
  </suite> <!-- Suite -->
</testng-results>
